<?xml version="1.0" encoding="UTF-8"?>
<!-- Generated by org.testng.reporters.JUnitReportReporter -->
<testsuite hostname="DESKTOP-ISRMA2J" failures="0" tests="7" name="com.sgtesting.practice1.Demo4" time="44.099" errors="0" timestamp="2022-12-26T22:40:46 IST" skipped="0">
  <testcase classname="com.sgtesting.practice1.Demo4" name="LaunchBrowser" time="2.129"/>
  <system-out/>
  <testcase classname="com.sgtesting.practice1.Demo4" name="navigate" time="18.355"/>
  <system-out/>
  <testcase classname="com.sgtesting.practice1.Demo4" name="login" time="5.231"/>
  <system-out/>
  <testcase classname="com.sgtesting.practice1.Demo4" name="creatCustomer" time="4.711"/>
  <system-out/>
  <testcase classname="com.sgtesting.practice1.Demo4" name="DeleteCustomwer" time="8.262"/>
  <system-out/>
  <testcase classname="com.sgtesting.practice1.Demo4" name="Logout" time="5.218"/>
  <system-out/>
  <testcase classname="com.sgtesting.practice1.Demo4" name="closeApplication" time="0.193"/>
  <system-out/>
</testsuite> <!-- com.sgtesting.practice1.Demo4 -->
